#
# A fatal error has been detected by the Java Runtime Environment:
#
#  EXCEPTION_ACCESS_VIOLATION (0xc0000005) at pc=0x0000000069ac29bf, pid=26404, tid=26428
#
# JRE version: OpenJDK Runtime Environment Temurin-17.0.3+7 (17.0.3+7) (build 17.0.3+7)
# Java VM: OpenJDK 64-Bit Server VM Temurin-17.0.3+7 (17.0.3+7, mixed mode, sharing, tiered, compressed oops, compressed class ptrs, g1 gc, windows-amd64)
# Problematic frame:
# C  [jansi.dll+0x29bf]
#
# No core dump will be written. Minidumps are not enabled by default on client versions of Windows
#
# If you would like to submit a bug report, please visit:
#   https://github.com/adoptium/adoptium-support/issues
# The crash happened outside the Java Virtual Machine in native code.
# See problematic frame for where to report the bug.
#

---------------  S U M M A R Y ------------

Command Line: -Dclassworlds.conf=C:\Program Files\apache-maven-3.8.5\bin\m2.conf -Dmaven.home=C:\Program Files\apache-maven-3.8.5 -Dlibrary.jansi.path=C:\Program Files\apache-maven-3.8.5\lib\jansi-native -Dmaven.multiModuleProjectDirectory=C:\Users\svandeca\github\gwt-widgets org.codehaus.plexus.classworlds.launcher.Launcher install

Host: Intel(R) Core(TM) i7-9700 CPU @ 3.00GHz, 8 cores, 15G,  Windows 11 , 64 bit Build 22000 (10.0.22000.613)
Time: Wed Apr 27 14:51:57 2022 Paris, Madrid (heure duild 22000 (10.0.22000.613) elapsed time: 0.125245 seconds (0d 0h 0m 0s)

---------------  T H R E A D  ---------------

Current thread (0x0000022826d56040):  JavaThread "main" [_thread_in_native, id=26428, stack(0x0000008e59e00000,0x0000008e59f00000)]

Stack: [0x0000008e59e00000,0x0000008e59f00000],  sp=0x0000008e59efde10,  free space=1015k
Native frames: (J=compiled Java code, j=interpreted, Vv=VM code, C=native code)
C  [jansi.dll+0x29bf]

Java frames: (J=compiled Java code, j=interpreted, Vv=VM code)
j  org.fusesource.jansi.internal.CLibrary.isatty(I)I+0
j  org.fusesource.jansi.AnsiConsole.ansiStream(Z)Lorg/fusesource/jansi/AnsiPrintStream;+62
j  org.fusesource.jansi.AnsiConsole.initStreams()V+7
j  org.fusesource.jansi.AnsiConsole.systemInstall()V+15
j  org.apache.maven.shared.utils.logging.MessageUtils.systemInstall()V+6
j  org.apache.maven.cli.MavenCli.main([Ljava/lang/String;Lorg/codehaus/plexus/classworlds/ClassWorld;)I+8
v  ~StubRoutines::call_stub
j  jdk.internal.reflect.NativeMethodAccessorImpl.invoke0(Ljava/lang/reflect/Method;Ljava/lang/Object;[Ljava/lang/Object;)Ljava/lang/Object;+0 java.base@17.0.3
j  jdk.internal.reflect.NativeMethodAccessorImpl.invoke(Ljava/lang/Object;[Ljava/lang/Object;)Ljava/lang/Object;+133 java.base@17.0.3
j  jdk.internal.reflect.DelegatingMethodAccessorImpl.invoke(Ljava/lang/Object;[Ljava/lang/Object;)Ljava/lang/Object;+6 java.base@17.0.3
j  java.lang.reflect.Method.invoke(Ljava/lang/Object;[Ljava/lang/Object;)Ljava/lang/Object;+59 java.base@17.0.3
j  org.codehaus.plexus.classworlds.launcher.Launcher.launchEnhanced([Ljava/lang/String;)V+45
j  org.codehaus.plexus.classworlds.launcher.Launcher.launch([Ljava/lang/String;)V+2
j  org.codehaus.plexus.classworlds.launcher.Launcher.mainWithExitCode([Ljava/lang/String;)I+101
j  org.codehaus.plexus.classworlds.launcher.Launcher.main([Ljava/lang/String;)V+1
v  ~StubRoutines::call_stub

siginfo: EXCEPTION_ACCESS_VIOLATION (0xc0000005), writing address 0x0000000000000000


Register to memory mapping:

RIP=0x0000000069ac29bf jansi.dll
RAX=0x0 is NULL
RBX={method} {0x000002284c03b900} 'isatty' '(I)I' in 'org/fusesource/jansi/internal/CLibrary'
RCX=0x0 is NULL
RDX=0x0000000069ac6362 jansi.dll
RSP=0x0000008e59efde10 is pointing into the stack for thread: 0x0000022826d56040
RBP=0x0000008e59efe2d0 is pointing into the stack for thread: 0x0000022826d56040
RSI=0x0 is NULL
RDI=0x000002284bc5b360 is pointing into metadata
R8 =0x0000008e59efde08 is pointing into the stack for thread: 0x0000022826d56040
R9 =0x0 is NULL
R10=0x0 is NULL
R11=0x0000000000000246 is an unknown value
R12=0x0 is NULL
R13={method} {0x000002284c03b900} 'isatty' '(I)I' in 'org/fusesource/jansi/internal/CLibrary'
R14=0x0000008e59efe2f0 is pointing into the stack for thread: 0x0000022826d56040
R15=0x0000022826d56040 is a thread


Registers:
RAX=0x0000000000000000, RBX=0x000002284c03b8f8, RCX=0x0000000000000000, RDX=0x0000000069ac6362
RSP=0x0000008e59efde10, RBP=0x0000008e59efe2d0, RSI=0x0000000000000000, RDI=0x000002284bc5b360
R8 =0x0000008e59efde08, R9 =0x0000000000000000, R10=0x0000000000000000, R11=0x0000000000000246
R12=0x0000000000000000, R13=0x000002284c03b8f8, R14=0x0000008e59efe2f0, R15=0x0000022826d56040
RIP=0x0000000069ac29bf, EFLAGS=0x0000000000010246

Top of Stack: (sp=0x0000008e59efde10)
0x0000008e59efde10:   000002284c03b8f8 00007ffbbbaa3940
0x0000008e59efde20:   0000008e59efe2d0 0000000000000000
0x0000008e59efde30:   0000008e59efde4c 00007ffb45f61f18
0x0000008e59efde40:   0000008e59efe060 0000001045e90000
0x0000008e59efde50:   0000000000000000 0000000000000000
0x0000008e59efde60:   00000000ffffffff 00007ffb46443ba0
0x0000008e59efde70:   0000008e59efe160 000002283001af76
0x0000008e59efde80:   000002284c03b8f8 0000022826d56040
0x0000008e59efde90:   0000008e59efe060 00007ffb4620df43
0x0000008e59efdea0:   0000008e59efe160 0000000000000400
0x0000008e59efdeb0:   00000000ffffffff 00007ffb461da8d4
0x0000008e59efdec0:   000002284c03b8f8 0000022826d56040
0x0000008e59efded0:   00007ffb4672d288 0000000000000000
0x0000008e59efdee0:   0000008e00000007 000002283001af76
0x0000008e59efdef0:   000002284c03b8f8 0000022826d52000
0x0000008e59efdf00:   000002283001af76 00007ffb464d66a8 

Instructions: (pc=0x0000000069ac29bf)
0x0000000069ac28bf:   e1 49 89 c5 49 8b 04 24 48 8b 54 24 68 4c 89 6c
0x0000000069ac28cf:   24 20 ff 90 e0 06 00 00 4c 89 e8 66 41 c7 44 1d
0x0000000069ac28df:   fe 00 00 48 83 c4 40 5b 41 5c 41 5d c3 90 90 90
0x0000000069ac28ef:   90 41 54 48 81 ec 40 04 00 00 44 89 c1 ff 15 ea
0x0000000069ac28ff:   89 00 00 49 89 c4 48 89 c1 ff 15 16 89 00 00 83
0x0000000069ac290f:   f8 02 75 15 48 8d 54 24 40 4c 89 e1 ff 15 eb 88
0x0000000069ac291f:   00 00 85 c0 e9 ba 00 00 00 48 83 3d f0 66 00 00
0x0000000069ac292f:   00 75 14 48 8d 0d 07 3a 00 00 ff 15 1d 89 00 00
0x0000000069ac293f:   48 89 05 da 66 00 00 48 8b 0d d3 66 00 00 48 85
0x0000000069ac294f:   c9 75 07 31 c0 e9 aa 00 00 00 48 83 3d c7 66 00
0x0000000069ac295f:   00 00 75 14 48 8d 15 ea 39 00 00 ff 15 cc 88 00
0x0000000069ac296f:   00 48 89 05 b1 66 00 00 48 8b 05 aa 66 00 00 48
0x0000000069ac297f:   85 c0 74 cf 48 8d 54 24 3c 41 b9 fe 03 00 00 4c
0x0000000069ac298f:   8d 44 24 40 4c 89 e1 48 89 54 24 20 ba 01 00 00
0x0000000069ac299f:   00 ff d0 85 c0 75 ac 8b 44 24 40 4c 8b 64 24 48
0x0000000069ac29af:   48 8d 15 ac 39 00 00 66 d1 e8 4c 89 e1 0f b7 c0
0x0000000069ac29bf:   66 41 c7 04 44 00 00 e8 15 20 00 00 48 85 c0 74
0x0000000069ac29cf:   1a 48 8d 15 97 39 00 00 4c 89 e1 e8 01 20 00 00
0x0000000069ac29df:   48 85 c0 0f 95 c0 0f b6 c0 eb 19 48 8d 15 87 39
0x0000000069ac29ef:   00 00 4c 89 e1 e8 e7 1f 00 00 48 85 c0 75 d2 e9
0x0000000069ac29ff:   4f ff ff ff 48 81 c4 40 04 00 00 41 5c c3 90 90
0x0000000069ac2a0f:   90 41 54 48 83 ec 20 83 3d e3 67 00 00 00 49 89
0x0000000069ac2a1f:   cc 75 6b 48 8b 01 ff 90 f8 00 00 00 4c 8d 0d 5e
0x0000000069ac2a2f:   39 00 00 4c 8d 05 59 39 00 00 4c 89 e1 48 89 c2
0x0000000069ac2a3f:   48 89 05 c2 67 00 00 49 8b 04 24 ff 90 f0 02 00
0x0000000069ac2a4f:   00 48 8b 15 b1 67 00 00 4c 8d 0d 3f 39 00 00 4c
0x0000000069ac2a5f:   89 e1 48 89 05 a8 67 00 00 49 8b 04 24 4c 8d 05
0x0000000069ac2a6f:   2c 39 00 00 ff 90 f0 02 00 00 48 89 05 98 67 00
0x0000000069ac2a7f:   00 0f ae f0 c7 05 73 67 00 00 01 00 00 00 48 83
0x0000000069ac2a8f:   c4 20 41 5c c3 41 56 41 55 41 54 48 83 ec 20 83
0x0000000069ac2a9f:   3d 5b 67 00 00 00 49 89 cc 49 89 d6 4d 89 c5 75
0x0000000069ac2aaf:   05 e8 5b ff ff ff 49 8b 04 24 4c 89 f2 4c 89 e1 


Stack slot to memory mapping:
stack at sp + 0 slots: {method} {0x000002284c03b900} 'isatty' '(I)I' in 'org/fusesource/jansi/internal/CLibrary'
stack at sp + 1 slots: 0x00007ffbbbaa3940 ntdll.dll
stack at sp + 2 slots: 0x0000008e59efe2d0 is pointing into the stack for thread: 0x0000022826d56040
stack at sp + 3 slots: 0x0 is NULL
stack at sp + 4 slots: 0x0000008e59efde4c is pointing into the stack for thread: 0x0000022826d56040
stack at sp + 5 slots: 0x00007ffb45f61f18 jvm.dll
stack at sp + 6 slots: 0x0000008e59efe060 is pointing into the stack for thread: 0x0000022826d56040
stack at sp + 7 slots: 0x0000001045e90000 is an unknown value


---------------  P R O C E S S  ---------------

Threads class SMR info:
_java_thread_list=0x000002284c695270, length=12, elements={
0x0000022826d56040, 0x000002284bbbbff0, 0x000002284bbbce60, 0x000002284bbd5eb0,
0x000002284bbd8870, 0x000002284bbd9220, 0x000002284bbd9bd0, 0x000002284bbda960,
0x000002284bbdb400, 0x000002284bbdde00, 0x000002284c689200, 0x000002284c694c00
}

Java Threads: ( => current thread )
=>0x0000022826d56040 JavaThread "main" [_thread_in_native, id=26428, stack(0x0000008e59e00000,0x0000008e59f00000)]
  0x000002284bbbbff0 JavaThread "Reference Handler" daemon [_thread_blocked, id=26344, stack(0x0000008e5a500000,0x0000008e5a600000)]
  0x000002284bbbce60 JavaThread "Finalizer" daemon [_thread_blocked, id=26340, stack(0x0000008e5a600000,0x0000008e5a700000)]
  0x000002284bbd5eb0 JavaThread "Signal Dispatcher" daemon [_thread_blocked, id=26316, stack(0x0000008e5a700000,0x0000008e5a800000)]
  0x000002284bbd8870 JavaThread "Attach Listener" daemon [_thread_blocked, id=26384, stack(0x0000008e5a800000,0x0000008e5a900000)]
  0x000002284bbd9220 JavaThread "Service Thread" daemon [_thread_blocked, id=26304, stack(0x0000008e5a900000,0x0000008e5aa00000)]
  0x000002284bbd9bd0 JavaThread "Monitor Deflation Thread" daemon [_thread_blocked, id=25472, stack(0x0000008e5aa00000,0x0000008e5ab00000)]
  0x000002284bbda960 JavaThread "C2 CompilerThread0" daemon [_thread_blocked, id=25460, stack(0x0000008e5ab00000,0x0000008e5ac00000)]
  0x000002284bbdb400 JavaThread "C1 CompilerThread0" daemon [_thread_blocked, id=26592, stack(0x0000008e5ac00000,0x0000008e5ad00000)]
  0x000002284bbdde00 JavaThread "Sweeper thread" daemon [_thread_blocked, id=26596, stack(0x0000008e5ad00000,0x0000008e5ae00000)]
  0x000002284c689200 JavaThread "Notification Thread" daemon [_thread_blocked, id=26412, stack(0x0000008e5ae00000,0x0000008e5af00000)]
  0x000002284c694c00 JavaThread "Common-Cleaner" daemon [_thread_blocked, id=26392, stack(0x0000008e5b000000,0x0000008e5b100000)]

Other Threads:
  0x000002284bbb53d0 VMThread "VM Thread" [stack: 0x0000008e5a400000,0x0000008e5a500000] [id=26336]
  0x000002284c68f6f0 WatcherThread [stack: 0x0000008e5af00000,0x0000008e5b000000] [id=26376]
  0x0000022826dc3d20 GCTaskThread "GC Thread#0" [stack: 0x0000008e59f00000,0x0000008e5a000000] [id=26432]
  0x0000022826dd4960 ConcurrentGCThread "G1 Main Marker" [stack: 0x0000008e5a000000,0x0000008e5a100000] [id=26440]
  0x0000022826dd5370 ConcurrentGCThread "G1 Conc#0" [stack: 0x0000008e5a100000,0x0000008e5a200000] [id=26444]
  0x000002284ba730e0 ConcurrentGCThread "G1 Refine#0" [stack: 0x0000008e5a200000,0x0000008e5a300000] [id=26360]
  0x000002284ba73b00 ConcurrentGCThread "G1 Service" [stack: 0x0000008e5a300000,0x0000008e5a400000] [id=26332]

Threads with active compile tasks:

VM state: not at safepoint (normal execution)

VM Mutex/Monitor currently owned by a thread: None

Heap address: 0x0000000703000000, size: 4048 MB, Compressed Oops mode: Zero based, Oop shift amount: 3

CDS archive(s) mapped at: [0x0000000800000000-0x0000000800bc0000-0x0000000800bc0000), size 12320768, SharedBaseAddress: 0x0000000800000000, ArchiveRelocationMode: 0.
Compressed class space mapped at: 0x0000000800c00000-0x0000000840c00000, reserved size: 1073741824
Narrow klass base: 0x0000000800000000, Narrow klass shift: 0, Narrow klass range: 0x100000000

GC Precious Log:
 CPUs: 8 total, 8 available
 Memory: 16186M
 Large Page Support: Disabled
 NUMA Support: Disabled
 Compressed Oops: Enabled (Zero based)
 Heap Region Size: 2M
 Heap Min Capacity: 8M
 Heap Initial Capacity: 254M
 Heap Max Capacity: 4048M
 Pre-touch: Disabled
 Parallel Workers: 8
 Concurrent Workers: 2
 Concurrent Refinement Workers: 8
 Periodic GC: Disabled

Heap:
 garbage-first heap   total 260096K, used 2048K [0x0000000703000000, 0x0000000800000000)
  region size 2048K, 2 young (4096K), 0 survivors (0K)
 Metaspace       used 905K, committed 1024K, reserved 1056768K
  class space    used 72K, committed 128K, reserved 1048576K

Heap Regions: E=young(eden), S=young(survivor), O=old, HS=humongous(starts), HC=humongous(continues), CS=collection set, F=free, OA=open archive, CA=closed archive, TAMS=top-at-mark-start (previous, next)
|   0|0x0000000703000000, 0x0000000703000000, 0x0000000703200000|  0%| F|  |TAMS 0x0000000703000000, 0x0000000703000000| Untracked 
|   1|0x0000000703200000, 0x0000000703200000, 0x0000000703400000|  0%| F|  |TAMS 0x0000000703200000, 0x0000000703200000| Untracked 
|   2|0x0000000703400000, 0x0000000703400000, 0x0000000703600000|  0%| F|  |TAMS 0x0000000703400000, 0x0000000703400000| Untracked 
|   3|0x0000000703600000, 0x0000000703600000, 0x0000000703800000|  0%| F|  |TAMS 0x0000000703600000, 0x0000000703600000| Untracked 
|   4|0x0000000703800000, 0x0000000703800000, 0x0000000703a00000|  0%| F|  |TAMS 0x0000000703800000, 0x0000000703800000| Untracked 
|   5|0x0000000703a00000, 0x0000000703a00000, 0x0000000703c00000|  0%| F|  |TAMS 0x0000000703a00000, 0x0000000703a00000| Untracked 
|   6|0x0000000703c00000, 0x0000000703c00000, 0x0000000703e00000|  0%| F|  |TAMS 0x0000000703c00000, 0x0000000703c00000| Untracked 
|   7|0x0000000703e00000, 0x0000000703e00000, 0x0000000704000000|  0%| F|  |TAMS 0x0000000703e00000, 0x0000000703e00000| Untracked 
|   8|0x0000000704000000, 0x0000000704000000, 0x0000000704200000|  0%| F|  |TAMS 0x0000000704000000, 0x0000000704000000| Untracked 
|   9|0x0000000704200000, 0x0000000704200000, 0x0000000704400000|  0%| F|  |TAMS 0x0000000704200000, 0x0000000704200000| Untracked 
|  10|0x0000000704400000, 0x0000000704400000, 0x0000000704600000|  0%| F|  |TAMS 0x0000000704400000, 0x0000000704400000| Untracked 
|  11|0x0000000704600000, 0x0000000704600000, 0x0000000704800000|  0%| F|  |TAMS 0x0000000704600000, 0x0000000704600000| Untracked 
|  12|0x0000000704800000, 0x0000000704800000, 0x0000000704a00000|  0%| F|  |TAMS 0x0000000704800000, 0x0000000704800000| Untracked 
|  13|0x0000000704a00000, 0x0000000704a00000, 0x0000000704c00000|  0%| F|  |TAMS 0x0000000704a00000, 0x0000000704a00000| Untracked 
|  14|0x0000000704c00000, 0x0000000704c00000, 0x0000000704e00000|  0%| F|  |TAMS 0x0000000704c00000, 0x0000000704c00000| Untracked 
|  15|0x0000000704e00000, 0x0000000704e00000, 0x0000000705000000|  0%| F|  |TAMS 0x0000000704e00000, 0x0000000704e00000| Untracked 
|  16|0x0000000705000000, 0x0000000705000000, 0x0000000705200000|  0%| F|  |TAMS 0x0000000705000000, 0x0000000705000000| Untracked 
|  17|0x0000000705200000, 0x0000000705200000, 0x0000000705400000|  0%| F|  |TAMS 0x0000000705200000, 0x0000000705200000| Untracked 
|  18|0x0000000705400000, 0x0000000705400000, 0x0000000705600000|  0%| F|  |TAMS 0x0000000705400000, 0x0000000705400000| Untracked 
|  19|0x0000000705600000, 0x0000000705600000, 0x0000000705800000|  0%| F|  |TAMS 0x0000000705600000, 0x0000000705600000| Untracked 
|  20|0x0000000705800000, 0x0000000705800000, 0x0000000705a00000|  0%| F|  |TAMS 0x0000000705800000, 0x0000000705800000| Untracked 
|  21|0x0000000705a00000, 0x0000000705a00000, 0x0000000705c00000|  0%| F|  |TAMS 0x0000000705a00000, 0x0000000705a00000| Untracked 
|  22|0x0000000705c00000, 0x0000000705c00000, 0x0000000705e00000|  0%| F|  |TAMS 0x0000000705c00000, 0x0000000705c00000| Untracked 
|  23|0x0000000705e00000, 0x0000000705e00000, 0x0000000706000000|  0%| F|  |TAMS 0x0000000705e00000, 0x0000000705e00000| Untracked 
|  24|0x0000000706000000, 0x0000000706000000, 0x0000000706200000|  0%| F|  |TAMS 0x0000000706000000, 0x0000000706000000| Untracked 
|  25|0x0000000706200000, 0x0000000706200000, 0x0000000706400000|  0%| F|  |TAMS 0x0000000706200000, 0x0000000706200000| Untracked 
|  26|0x0000000706400000, 0x0000000706400000, 0x0000000706600000|  0%| F|  |TAMS 0x0000000706400000, 0x0000000706400000| Untracked 
|  27|0x0000000706600000, 0x0000000706600000, 0x0000000706800000|  0%| F|  |TAMS 0x0000000706600000, 0x0000000706600000| Untracked 
|  28|0x0000000706800000, 0x0000000706800000, 0x0000000706a00000|  0%| F|  |TAMS 0x0000000706800000, 0x0000000706800000| Untracked 
|  29|0x0000000706a00000, 0x0000000706a00000, 0x0000000706c00000|  0%| F|  |TAMS 0x0000000706a00000, 0x0000000706a00000| Untracked 
|  30|0x0000000706c00000, 0x0000000706c00000, 0x0000000706e00000|  0%| F|  |TAMS 0x0000000706c00000, 0x0000000706c00000| Untracked 
|  31|0x0000000706e00000, 0x0000000706e00000, 0x0000000707000000|  0%| F|  |TAMS 0x0000000706e00000, 0x0000000706e00000| Untracked 
|  32|0x0000000707000000, 0x0000000707000000, 0x0000000707200000|  0%| F|  |TAMS 0x0000000707000000, 0x0000000707000000| Untracked 
|  33|0x0000000707200000, 0x0000000707200000, 0x0000000707400000|  0%| F|  |TAMS 0x0000000707200000, 0x0000000707200000| Untracked 
|  34|0x0000000707400000, 0x0000000707400000, 0x0000000707600000|  0%| F|  |TAMS 0x0000000707400000, 0x0000000707400000| Untracked 
|  35|0x0000000707600000, 0x0000000707600000, 0x0000000707800000|  0%| F|  |TAMS 0x0000000707600000, 0x0000000707600000| Untracked 
|  36|0x0000000707800000, 0x0000000707800000, 0x0000000707a00000|  0%| F|  |TAMS 0x0000000707800000, 0x0000000707800000| Untracked 
|  37|0x0000000707a00000, 0x0000000707a00000, 0x0000000707c00000|  0%| F|  |TAMS 0x0000000707a00000, 0x0000000707a00000| Untracked 
|  38|0x0000000707c00000, 0x0000000707c00000, 0x0000000707e00000|  0%| F|  |TAMS 0x0000000707c00000, 0x0000000707c00000| Untracked 
|  39|0x0000000707e00000, 0x0000000707e00000, 0x0000000708000000|  0%| F|  |TAMS 0x0000000707e00000, 0x0000000707e00000| Untracked 
|  40|0x0000000708000000, 0x0000000708000000, 0x0000000708200000|  0%| F|  |TAMS 0x0000000708000000, 0x0000000708000000| Untracked 
|  41|0x0000000708200000, 0x0000000708200000, 0x0000000708400000|  0%| F|  |TAMS 0x0000000708200000, 0x0000000708200000| Untracked 
|  42|0x0000000708400000, 0x0000000708400000, 0x0000000708600000|  0%| F|  |TAMS 0x0000000708400000, 0x0000000708400000| Untracked 
|  43|0x0000000708600000, 0x0000000708600000, 0x0000000708800000|  0%| F|  |TAMS 0x0000000708600000, 0x0000000708600000| Untracked 
|  44|0x0000000708800000, 0x0000000708800000, 0x0000000708a00000|  0%| F|  |TAMS 0x0000000708800000, 0x0000000708800000| Untracked 
|  45|0x0000000708a00000, 0x0000000708a00000, 0x0000000708c00000|  0%| F|  |TAMS 0x0000000708a00000, 0x0000000708a00000| Untracked 
|  46|0x0000000708c00000, 0x0000000708c00000, 0x0000000708e00000|  0%| F|  |TAMS 0x0000000708c00000, 0x0000000708c00000| Untracked 
|  47|0x0000000708e00000, 0x0000000708e00000, 0x0000000709000000|  0%| F|  |TAMS 0x0000000708e00000, 0x0000000708e00000| Untracked 
|  48|0x0000000709000000, 0x0000000709000000, 0x0000000709200000|  0%| F|  |TAMS 0x0000000709000000, 0x0000000709000000| Untracked 
|  49|0x0000000709200000, 0x0000000709200000, 0x0000000709400000|  0%| F|  |TAMS 0x0000000709200000, 0x0000000709200000| Untracked 
|  50|0x0000000709400000, 0x0000000709400000, 0x0000000709600000|  0%| F|  |TAMS 0x0000000709400000, 0x0000000709400000| Untracked 
|  51|0x0000000709600000, 0x0000000709600000, 0x0000000709800000|  0%| F|  |TAMS 0x0000000709600000, 0x0000000709600000| Untracked 
|  52|0x0000000709800000, 0x0000000709800000, 0x0000000709a00000|  0%| F|  |TAMS 0x0000000709800000, 0x0000000709800000| Untracked 
|  53|0x0000000709a00000, 0x0000000709a00000, 0x0000000709c00000|  0%| F|  |TAMS 0x0000000709a00000, 0x0000000709a00000| Untracked 
|  54|0x0000000709c00000, 0x0000000709c00000, 0x0000000709e00000|  0%| F|  |TAMS 0x0000000709c00000, 0x0000000709c00000| Untracked 
|  55|0x0000000709e00000, 0x0000000709e00000, 0x000000070a000000|  0%| F|  |TAMS 0x0000000709e00000, 0x0000000709e00000| Untracked 
|  56|0x000000070a000000, 0x000000070a000000, 0x000000070a200000|  0%| F|  |TAMS 0x000000070a000000, 0x000000070a000000| Untracked 
|  57|0x000000070a200000, 0x000000070a200000, 0x000000070a400000|  0%| F|  |TAMS 0x000000070a200000, 0x000000070a200000| Untracked 
|  58|0x000000070a400000, 0x000000070a400000, 0x000000070a600000|  0%| F|  |TAMS 0x000000070a400000, 0x000000070a400000| Untracked 
|  59|0x000000070a600000, 0x000000070a600000, 0x000000070a800000|  0%| F|  |TAMS 0x000000070a600000, 0x000000070a600000| Untracked 
|  60|0x000000070a800000, 0x000000070a800000, 0x000000070aa00000|  0%| F|  |TAMS 0x000000070a800000, 0x000000070a800000| Untracked 
|  61|0x000000070aa00000, 0x000000070aa00000, 0x000000070ac00000|  0%| F|  |TAMS 0x000000070aa00000, 0x000000070aa00000| Untracked 
|  62|0x000000070ac00000, 0x000000070ac00000, 0x000000070ae00000|  0%| F|  |TAMS 0x000000070ac00000, 0x000000070ac00000| Untracked 
|  63|0x000000070ae00000, 0x000000070ae00000, 0x000000070b000000|  0%| F|  |TAMS 0x000000070ae00000, 0x000000070ae00000| Untracked 
|  64|0x000000070b000000, 0x000000070b000000, 0x000000070b200000|  0%| F|  |TAMS 0x000000070b000000, 0x000000070b000000| Untracked 
|  65|0x000000070b200000, 0x000000070b200000, 0x000000070b400000|  0%| F|  |TAMS 0x000000070b200000, 0x000000070b200000| Untracked 
|  66|0x000000070b400000, 0x000000070b400000, 0x000000070b600000|  0%| F|  |TAMS 0x000000070b400000, 0x000000070b400000| Untracked 
|  67|0x000000070b600000, 0x000000070b600000, 0x000000070b800000|  0%| F|  |TAMS 0x000000070b600000, 0x000000070b600000| Untracked 
|  68|0x000000070b800000, 0x000000070b800000, 0x000000070ba00000|  0%| F|  |TAMS 0x000000070b800000, 0x000000070b800000| Untracked 
|  69|0x000000070ba00000, 0x000000070ba00000, 0x000000070bc00000|  0%| F|  |TAMS 0x000000070ba00000, 0x000000070ba00000| Untracked 
|  70|0x000000070bc00000, 0x000000070bc00000, 0x000000070be00000|  0%| F|  |TAMS 0x000000070bc00000, 0x000000070bc00000| Untracked 
|  71|0x000000070be00000, 0x000000070be00000, 0x000000070c000000|  0%| F|  |TAMS 0x000000070be00000, 0x000000070be00000| Untracked 
|  72|0x000000070c000000, 0x000000070c000000, 0x000000070c200000|  0%| F|  |TAMS 0x000000070c000000, 0x000000070c000000| Untracked 
|  73|0x000000070c200000, 0x000000070c200000, 0x000000070c400000|  0%| F|  |TAMS 0x000000070c200000, 0x000000070c200000| Untracked 
|  74|0x000000070c400000, 0x000000070c400000, 0x000000070c600000|  0%| F|  |TAMS 0x000000070c400000, 0x000000070c400000| Untracked 
|  75|0x000000070c600000, 0x000000070c600000, 0x000000070c800000|  0%| F|  |TAMS 0x000000070c600000, 0x000000070c600000| Untracked 
|  76|0x000000070c800000, 0x000000070c800000, 0x000000070ca00000|  0%| F|  |TAMS 0x000000070c800000, 0x000000070c800000| Untracked 
|  77|0x000000070ca00000, 0x000000070ca00000, 0x000000070cc00000|  0%| F|  |TAMS 0x000000070ca00000, 0x000000070ca00000| Untracked 
|  78|0x000000070cc00000, 0x000000070cc00000, 0x000000070ce00000|  0%| F|  |TAMS 0x000000070cc00000, 0x000000070cc00000| Untracked 
|  79|0x000000070ce00000, 0x000000070ce00000, 0x000000070d000000|  0%| F|  |TAMS 0x000000070ce00000, 0x000000070ce00000| Untracked 
|  80|0x000000070d000000, 0x000000070d000000, 0x000000070d200000|  0%| F|  |TAMS 0x000000070d000000, 0x000000070d000000| Untracked 
|  81|0x000000070d200000, 0x000000070d200000, 0x000000070d400000|  0%| F|  |TAMS 0x000000070d200000, 0x000000070d200000| Untracked 
|  82|0x000000070d400000, 0x000000070d400000, 0x000000070d600000|  0%| F|  |TAMS 0x000000070d400000, 0x000000070d400000| Untracked 
|  83|0x000000070d600000, 0x000000070d600000, 0x000000070d800000|  0%| F|  |TAMS 0x000000070d600000, 0x000000070d600000| Untracked 
|  84|0x000000070d800000, 0x000000070d800000, 0x000000070da00000|  0%| F|  |TAMS 0x000000070d800000, 0x000000070d800000| Untracked 
|  85|0x000000070da00000, 0x000000070da00000, 0x000000070dc00000|  0%| F|  |TAMS 0x000000070da00000, 0x000000070da00000| Untracked 
|  86|0x000000070dc00000, 0x000000070dc00000, 0x000000070de00000|  0%| F|  |TAMS 0x000000070dc00000, 0x000000070dc00000| Untracked 
|  87|0x000000070de00000, 0x000000070de00000, 0x000000070e000000|  0%| F|  |TAMS 0x000000070de00000, 0x000000070de00000| Untracked 
|  88|0x000000070e000000, 0x000000070e000000, 0x000000070e200000|  0%| F|  |TAMS 0x000000070e000000, 0x000000070e000000| Untracked 
|  89|0x000000070e200000, 0x000000070e200000, 0x000000070e400000|  0%| F|  |TAMS 0x000000070e200000, 0x000000070e200000| Untracked 
|  90|0x000000070e400000, 0x000000070e400000, 0x000000070e600000|  0%| F|  |TAMS 0x000000070e400000, 0x000000070e400000| Untracked 
|  91|0x000000070e600000, 0x000000070e600000, 0x000000070e800000|  0%| F|  |TAMS 0x000000070e600000, 0x000000070e600000| Untracked 
|  92|0x000000070e800000, 0x000000070e800000, 0x000000070ea00000|  0%| F|  |TAMS 0x000000070e800000, 0x000000070e800000| Untracked 
|  93|0x000000070ea00000, 0x000000070ea00000, 0x000000070ec00000|  0%| F|  |TAMS 0x000000070ea00000, 0x000000070ea00000| Untracked 
|  94|0x000000070ec00000, 0x000000070ec00000, 0x000000070ee00000|  0%| F|  |TAMS 0x000000070ec00000, 0x000000070ec00000| Untracked 
|  95|0x000000070ee00000, 0x000000070ee00000, 0x000000070f000000|  0%| F|  |TAMS 0x000000070ee00000, 0x000000070ee00000| Untracked 
|  96|0x000000070f000000, 0x000000070f000000, 0x000000070f200000|  0%| F|  |TAMS 0x000000070f000000, 0x000000070f000000| Untracked 
|  97|0x000000070f200000, 0x000000070f200000, 0x000000070f400000|  0%| F|  |TAMS 0x000000070f200000, 0x000000070f200000| Untracked 
|  98|0x000000070f400000, 0x000000070f400000, 0x000000070f600000|  0%| F|  |TAMS 0x000000070f400000, 0x000000070f400000| Untracked 
|  99|0x000000070f600000, 0x000000070f600000, 0x000000070f800000|  0%| F|  |TAMS 0x000000070f600000, 0x000000070f600000| Untracked 
| 100|0x000000070f800000, 0x000000070f800000, 0x000000070fa00000|  0%| F|  |TAMS 0x000000070f800000, 0x000000070f800000| Untracked 
| 101|0x000000070fa00000, 0x000000070fa00000, 0x000000070fc00000|  0%| F|  |TAMS 0x000000070fa00000, 0x000000070fa00000| Untracked 
| 102|0x000000070fc00000, 0x000000070fc00000, 0x000000070fe00000|  0%| F|  |TAMS 0x000000070fc00000, 0x000000070fc00000| Untracked 
| 103|0x000000070fe00000, 0x000000070fe00000, 0x0000000710000000|  0%| F|  |TAMS 0x000000070fe00000, 0x000000070fe00000| Untracked 
| 104|0x0000000710000000, 0x0000000710000000, 0x0000000710200000|  0%| F|  |TAMS 0x0000000710000000, 0x0000000710000000| Untracked 
| 105|0x0000000710200000, 0x0000000710200000, 0x0000000710400000|  0%| F|  |TAMS 0x0000000710200000, 0x0000000710200000| Untracked 
| 106|0x0000000710400000, 0x0000000710400000, 0x0000000710600000|  0%| F|  |TAMS 0x0000000710400000, 0x0000000710400000| Untracked 
| 107|0x0000000710600000, 0x0000000710600000, 0x0000000710800000|  0%| F|  |TAMS 0x0000000710600000, 0x0000000710600000| Untracked 
| 108|0x0000000710800000, 0x0000000710800000, 0x0000000710a00000|  0%| F|  |TAMS 0x0000000710800000, 0x0000000710800000| Untracked 
| 109|0x0000000710a00000, 0x0000000710a00000, 0x0000000710c00000|  0%| F|  |TAMS 0x0000000710a00000, 0x0000000710a00000| Untracked 
| 110|0x0000000710c00000, 0x0000000710c00000, 0x0000000710e00000|  0%| F|  |TAMS 0x0000000710c00000, 0x0000000710c00000| Untracked 
| 111|0x0000000710e00000, 0x0000000710e00000, 0x0000000711000000|  0%| F|  |TAMS 0x0000000710e00000, 0x0000000710e00000| Untracked 
| 112|0x0000000711000000, 0x0000000711000000, 0x0000000711200000|  0%| F|  |TAMS 0x0000000711000000, 0x0000000711000000| Untracked 
| 113|0x0000000711200000, 0x0000000711200000, 0x0000000711400000|  0%| F|  |TAMS 0x0000000711200000, 0x0000000711200000| Untracked 
| 114|0x0000000711400000, 0x0000000711400000, 0x0000000711600000|  0%| F|  |TAMS 0x0000000711400000, 0x0000000711400000| Untracked 
| 115|0x0000000711600000, 0x0000000711600000, 0x0000000711800000|  0%| F|  |TAMS 0x0000000711600000, 0x0000000711600000| Untracked 
| 116|0x0000000711800000, 0x0000000711800000, 0x0000000711a00000|  0%| F|  |TAMS 0x0000000711800000, 0x0000000711800000| Untracked 
| 117|0x0000000711a00000, 0x0000000711a00000, 0x0000000711c00000|  0%| F|  |TAMS 0x0000000711a00000, 0x0000000711a00000| Untracked 
| 118|0x0000000711c00000, 0x0000000711c00000, 0x0000000711e00000|  0%| F|  |TAMS 0x0000000711c00000, 0x0000000711c00000| Untracked 
| 119|0x0000000711e00000, 0x0000000711e00000, 0x0000000712000000|  0%| F|  |TAMS 0x0000000711e00000, 0x0000000711e00000| Untracked 
| 120|0x0000000712000000, 0x0000000712000000, 0x0000000712200000|  0%| F|  |TAMS 0x0000000712000000, 0x0000000712000000| Untracked 
| 121|0x0000000712200000, 0x0000000712200000, 0x0000000712400000|  0%| F|  |TAMS 0x0000000712200000, 0x0000000712200000| Untracked 
| 122|0x0000000712400000, 0x0000000712400000, 0x0000000712600000|  0%| F|  |TAMS 0x0000000712400000, 0x0000000712400000| Untracked 
| 123|0x0000000712600000, 0x0000000712600000, 0x0000000712800000|  0%| F|  |TAMS 0x0000000712600000, 0x0000000712600000| Untracked 
| 124|0x0000000712800000, 0x0000000712800000, 0x0000000712a00000|  0%| F|  |TAMS 0x0000000712800000, 0x0000000712800000| Untracked 
| 125|0x0000000712a00000, 0x0000000712c00000, 0x0000000712c00000|100%| E|  |TAMS 0x0000000712a00000, 0x0000000712a00000| Complete 
| 126|0x0000000712c00000, 0x0000000712e00000, 0x0000000712e00000|100%| E|CS|TAMS 0x0000000712c00000, 0x0000000712c00000| Complete 

Card table byte_map: [0x0000022840280000,0x0000022840a70000] _byte_map_base: 0x000002283ca68000

Marking Bits (Prev, Next): (CMBitMap*) 0x0000022826dc4330, (CMBitMap*) 0x0000022826dc4370
 Prev Bits: [0x0000022841260000, 0x00000228451a0000)
 Next Bits: [0x00000228451a0000, 0x00000228490e0000)

Polling page: 0x0000022826e30000

Metaspace:

Usage:
  Non-class:    832.87 KB used.
      Class:     72.76 KB used.
       Both:    905.62 KB used.

Virtual space:
  Non-class space:        8.00 MB reserved,     896.00 KB ( 11%) committed,  1 nodes.
      Class space:        1.00 GB reserved,     128.00 KB ( <1%) committed,  1 nodes.
             Both:        1.01 GB reserved,       1.00 MB ( <1%) committed. 

Chunk freelists:
   Non-Class:  3.73 MB
       Class:  3.70 MB
        Both:  7.44 MB

MaxMetaspaceSize: unlimited
CompressedClassSpaceSize: 1.00 GB
Initial GC threshold: 21.00 MB
Current GC threshold: 21.00 MB
CDS: on
MetaspaceReclaimPolicy: balanced
 - commit_granule_bytes: 65536.
 - commit_granule_words: 8192.
 - virtual_space_node_default_size: 1048576.
 - enlarge_chunks_in_place: 1.
 - new_chunks_are_fully_committed: 0.
 - uncommit_free_chunks: 1.
 - use_allocation_guard: 0.
 - handle_deallocations: 1.


Internal statistics:

num_allocs_failed_limit: 0.
num_arena_births: 8.
num_arena_deaths: 0.
num_vsnodes_births: 2.
num_vsnodes_deaths: 0.
num_space_committed: 16.
num_space_uncommitted: 0.
num_chunks_returned_to_freelist: 0.
num_chunks_taken_from_freelist: 32.
num_chunk_merges: 0.
num_chunk_splits: 18.
num_chunks_enlarged: 13.
num_purges: 0.
num_inconsistent_stats: 0.

CodeHeap 'non-profiled nmethods': size=120000Kb used=78Kb max_used=78Kb free=119921Kb
 bounds [0x0000022837ae0000, 0x0000022837d50000, 0x000002283f010000]
CodeHeap 'profiled nmethods': size=120000Kb used=370Kb max_used=370Kb free=119630Kb
 bounds [0x00000228305b0000, 0x0000022830820000, 0x0000022837ae0000]
CodeHeap 'non-nmethods': size=5760Kb used=1101Kb max_used=1114Kb free=4659Kb
 bounds [0x0000022830010000, 0x0000022830280000, 0x00000228305b0000]
 total_blobs=648 nmethods=273 adapters=288
 compilation: enabled
              stopped_count=0, restarted_count=0
 full_count=0

Compilation events (20 events):
Event: 0.117 Thread 0x000002284bbdb400  263       3       jdk.internal.module.ModuleReferenceImpl::hashCode (56 bytes)
Event: 0.117 Thread 0x000002284bbdb400 nmethod 263 0x0000022830603790 code [0x0000022830603980, 0x0000022830603e08]
Event: 0.117 Thread 0x000002284bbdb400  265       3       java.nio.DirectByteBuffer::ix (10 bytes)
Event: 0.117 Thread 0x000002284bbdb400 nmethod 265 0x0000022830603f90 code [0x0000022830604120, 0x0000022830604238]
Event: 0.117 Thread 0x000002284bbdb400  266   !   3       jdk.internal.misc.ScopedMemoryAccess::getByte (20 bytes)
Event: 0.118 Thread 0x000002284bbdb400 nmethod 266 0x0000022830604310 code [0x00000228306044e0, 0x0000022830604978]
Event: 0.118 Thread 0x000002284bbdb400  264   !   3       java.nio.DirectByteBuffer::get (34 bytes)
Event: 0.118 Thread 0x000002284bbdb400 nmethod 264 0x0000022830604b90 code [0x0000022830604dc0, 0x0000022830605618]
Event: 0.118 Thread 0x000002284bbdb400  270  s!   3       jdk.internal.loader.URLClassPath::getLoader (194 bytes)
Event: 0.118 Thread 0x000002284bbdb400 nmethod 270 0x0000022830605a90 code [0x0000022830605d80, 0x00000228306070c8]
Event: 0.118 Thread 0x000002284bbdb400  269       3       jdk.internal.jimage.ImageStringsReader::unmaskedHashCode (166 bytes)
Event: 0.119 Thread 0x000002284bbdb400 nmethod 269 0x0000022830607890 code [0x0000022830607ae0, 0x00000228306086d8]
Event: 0.119 Thread 0x000002284bbdb400  267   !   3       jdk.internal.misc.ScopedMemoryAccess::getByteInternal (36 bytes)
Event: 0.119 Thread 0x000002284bbdb400 nmethod 267 0x0000022830608c10 code [0x0000022830608dc0, 0x0000022830609028]
Event: 0.119 Thread 0x000002284bbdb400  271   !   3       java.util.zip.Inflater::inflate (418 bytes)
Event: 0.120 Thread 0x000002284bbdb400 nmethod 271 0x0000022830609190 code [0x0000022830609460, 0x000002283060a648]
Event: 0.120 Thread 0x000002284bbdb400  272       3       org.fusesource.jansi.internal.JansiLoader$1::accept (26 bytes)
Event: 0.120 Thread 0x000002284bbdb400 nmethod 272 0x000002283060b010 code [0x000002283060b200, 0x000002283060b6f8]
Event: 0.120 Thread 0x000002284bbdb400  273       3       java.lang.AbstractStringBuilder::checkRange (63 bytes)
Event: 0.121 Thread 0x000002284bbdb400 nmethod 273 0x000002283060b910 code [0x000002283060bba0, 0x000002283060c498]

GC Heap History (0 events):
No events

Deoptimization events (2 events):
Event: 0.087 Thread 0x0000022826d56040 DEOPT PACKING pc=0x00000228305c4d67 sp=0x0000008e59ef9b80
Event: 0.087 Thread 0x0000022826d56040 DEOPT UNPACKING pc=0x0000022830062b43 sp=0x0000008e59ef8fa0 mode 0

Classes unloaded (0 events):
No events

Classes redefined (0 events):
No events

Internal exceptions (1 events):
Event: 0.115 Thread 0x0000022826d56040 Exception <a 'java/lang/NullPointerException'{0x0000000712bd23f8}> (0x0000000712bd23f8) 
thrown [e:\jenkins\tmp\workspace\build\src\src\hotspot\share\interpreter\linkResolver.cpp, line 1357]

VM Operations (6 events):
Event: 0.050 Executing VM operation: HandshakeAllThreads
Event: 0.050 Executing VM operation: HandshakeAllThreads done
Event: 0.114 Executing VM operation: HandshakeAllThreads
Event: 0.114 Executing VM operation: HandshakeAllThreads done
Event: 0.118 Executing VM operation: HandshakeAllThreads
Event: 0.118 Executing VM operation: HandshakeAllThreads done

Events (20 events):
Event: 0.116 Loaded shared library C:\Program Files\Eclipse Adoptium\jdk-17.0.3.7-hotspot\bin\jimage.dll
Event: 0.118 loading class java/net/URLClassLoader$2
Event: 0.118 loading class java/net/URLClassLoader$2 done
Event: 0.118 loading class sun/net/www/protocol/jar/JarURLConnection
Event: 0.118 loading class java/net/JarURLConnection
Event: 0.118 loading class java/net/JarURLConnection done
Event: 0.118 loading class sun/net/www/protocol/jar/JarURLConnection done
Event: 0.118 loading class sun/net/www/protocol/jar/JarFileFactory
Event: 0.118 loading class sun/net/www/protocol/jar/URLJarFile$URLJarFileCloseController
Event: 0.118 loading class sun/net/www/protocol/jar/URLJarFile$URLJarFileCloseController done
Event: 0.118 loading class sun/net/www/protocol/jar/JarFileFactory done
Event: 0.118 loading class sun/net/www/protocol/jar/URLJarFile
Event: 0.118 loading class sun/net/www/protocol/jar/URLJarFile done
Event: 0.118 loading class sun/net/www/protocol/jar/URLJarFile$URLJarFileEntry
Event: 0.119 loading class sun/net/www/protocol/jar/URLJarFile$URLJarFileEntry done
Event: 0.119 loading class sun/net/www/protocol/jar/JarURLConnection$JarURLInputStream
Event: 0.119 loading class sun/net/www/protocol/jar/JarURLConnection$JarURLInputStream done
Event: 0.121 Loaded shared library C:\Program Files\apache-maven-3.8.5\lib\jansi-native\Windows\x86_64\jansi.dll
Event: 0.121 loading class jdk/internal/loader/NativeLibraries$Unloader
Event: 0.121 loading class jdk/internal/loader/NativeLibraries$Unloader done


Dynamic libraries:
0x00007ff7a87e0000 - 0x00007ff7a87ee000 	C:\Program Files\Eclipse Adoptium\jdk-17.0.3.7-hotspot\bin\java.exe
0x00007ffbbba00000 - 0x00007ffbbbc09000 	C:\WINDOWS\SYSTEM32\ntdll.dll
0x00007ffbb9ba0000 - 0x00007ffbb9c5d000 	C:\WINDOWS\System32\KERNEL32.DLL
0x00007ffbb9100000 - 0x00007ffbb9474000 	C:\WINDOWS\System32\KERNELBASE.dll
0x00007ffbb9780000 - 0x00007ffbb9891000 	C:\WINDOWS\System32\ucrtbase.dll
0x00007ffb79e70000 - 0x00007ffb79e89000 	C:\Program Files\Eclipse Adoptium\jdk-17.0.3.7-hotspot\bin\VCRUNTIME140.dll
0x00007ffb84230000 - 0x00007ffb84248000 	C:\Program Files\Eclipse Adoptium\jdk-17.0.3.7-hotspot\bin\jli.dll
0x00007ffbbb490000 - 0x00007ffbbb63c000 	C:\WINDOWS\System32\USER32.dll
0x00007ffbaa070000 - 0x00007ffbaa315000 	C:\WINDOWS\WinSxS\amd64_microsoft.windows.common-controls_6595b64144ccf1df_6.0.22000.120_none_9d947278b86cc467\COMCTL32.dll
0x00007ffbb96b0000 - 0x00007ffbb96d6000 	C:\WINDOWS\System32\win32u.dll
0x00007ffbbb770000 - 0x00007ffbbb813000 	C:\WINDOWS\System32\msvcrt.dll
0x00007ffbbacf0000 - 0x00007ffbbad19000 	C:\WINDOWS\System32\GDI32.dll
0x00007ffbb8ef0000 - 0x00007ffbb9002000 	C:\WINDOWS\System32\gdi32full.dll
0x00007ffbb96e0000 - 0x00007ffbb977d000 	C:\WINDOWS\System32\msvcp_win.dll
0x00007ffbb99a0000 - 0x00007ffbb99d1000 	C:\WINDOWS\System32\IMM32.DLL
0x00007ffb9f140000 - 0x00007ffb9f14c000 	C:\Program Files\Eclipse Adoptium\jdk-17.0.3.7-hotspot\bin\vcruntime140_1.dll
0x00007ffb54920000 - 0x00007ffb549b1000 	C:\Program Files\Eclipse Adoptium\jdk-17.0.3.7-hotspot\bin\msvcp140.dll
0x00007ffb45e90000 - 0x00007ffb46ad8000 	C:\Program Files\Eclipse Adoptium\jdk-17.0.3.7-hotspot\bin\server\jvm.dll
0x00007ffbbb3c0000 - 0x00007ffbbb46e000 	C:\WINDOWS\System32\ADVAPI32.dll
0x00007ffbba5e0000 - 0x00007ffbba67e000 	C:\WINDOWS\System32\sechost.dll
0x00007ffbbb210000 - 0x00007ffbbb330000 	C:\WINDOWS\System32\RPCRT4.dll
0x00007ffbbb640000 - 0x00007ffbbb648000 	C:\WINDOWS\System32\PSAPI.DLL
0x00007ffbb1820000 - 0x00007ffbb1853000 	C:\WINDOWS\SYSTEM32\WINMM.dll
0x00007ffbb37c0000 - 0x00007ffbb37c9000 	C:\WINDOWS\SYSTEM32\WSOCK32.dll
0x00007ffbae9c0000 - 0x00007ffbae9ca000 	C:\WINDOWS\SYSTEM32\VERSION.dll
0x00007ffbb9c80000 - 0x00007ffbb9cef000 	C:\WINDOWS\System32\WS2_32.dll
0x00007ffbb7fb0000 - 0x00007ffbb7fc8000 	C:\WINDOWS\SYSTEM32\kernel.appcore.dll
0x00007ffb89c70000 - 0x00007ffb89c7a000 	C:\Program Files\Eclipse Adoptium\jdk-17.0.3.7-hotspot\bin\jimage.dll
0x00007ffbb68e0000 - 0x00007ffbb6b01000 	C:\WINDOWS\SYSTEM32\DBGHELP.DLL
0x00007ffb9cdf0000 - 0x00007ffb9ce21000 	C:\WINDOWS\SYSTEM32\dbgcore.DLL
0x00007ffbb9010000 - 0x00007ffbb908f000 	C:\WINDOWS\System32\bcryptPrimitives.dll
0x00007ffb548f0000 - 0x00007ffb54915000 	C:\Program Files\Eclipse Adoptium\jdk-17.0.3.7-hotspot\bin\java.dll
0x00007ffb54810000 - 0x00007ffb548e6000 	C:\Program Files\Eclipse Adoptium\jdk-17.0.3.7-hotspot\bin\jsvml.dll
0x00007ffbb9dd0000 - 0x00007ffbba57f000 	C:\WINDOWS\System32\SHELL32.dll
0x00007ffbb6fe0000 - 0x00007ffbb7848000 	C:\WINDOWS\SYSTEM32\windows.storage.dll
0x00007ffbbae90000 - 0x00007ffbbb208000 	C:\WINDOWS\System32\combase.dll
0x00007ffbb6e70000 - 0x00007ffbb6fd6000 	C:\WINDOWS\SYSTEM32\wintypes.dll
0x00007ffbb98a0000 - 0x00007ffbb998a000 	C:\WINDOWS\System32\SHCORE.dll
0x00007ffbbb960000 - 0x00007ffbbb9bd000 	C:\WINDOWS\System32\shlwapi.dll
0x00007ffbb8e20000 - 0x00007ffbb8e41000 	C:\WINDOWS\SYSTEM32\profapi.dll
0x00007ffb547f0000 - 0x00007ffb54809000 	C:\Program Files\Eclipse Adoptium\jdk-17.0.3.7-hotspot\bin\net.dll
0x00007ffbb2ab0000 - 0x00007ffbb2bbc000 	C:\WINDOWS\SYSTEM32\WINHTTP.dll
0x00007ffbb83e0000 - 0x00007ffbb8447000 	C:\WINDOWS\system32\mswsock.dll
0x00007ffb547d0000 - 0x00007ffb547e5000 	C:\Program Files\Eclipse Adoptium\jdk-17.0.3.7-hotspot\bin\nio.dll
0x00007ffb547b0000 - 0x00007ffb547c8000 	C:\Program Files\Eclipse Adoptium\jdk-17.0.3.7-hotspot\bin\zip.dll
0x0000000069ac0000 - 0x0000000069ae4000 	C:\Program Files\apache-maven-3.8.5\lib\jansi-native\Windows\x86_64\jansi.dll

dbghelp: loaded successfully - version: 4.0.5 - missing functions: none
symbol engine: initialized successfully - sym options: 0x614 - pdb path: .;C:\Program Files\Eclipse Adoptium\jdk-17.0.3.7-hotspot\bin;C:\WINDOWS\SYSTEM32;C:\WINDOWS\WinSxS\amd64_microsoft.windows.common-controls_6595b64144ccf1df_6.0.22000.120_none_9d947278b86cc467;C:\Program Files\Eclipse Adoptium\jdk-17.0.3.7-hotspot\bin\server;C:\Program Files\apache-maven-3.8.5\lib\jansi-native\Windows\x86_64

VM Arguments:
jvm_args: -Dclassworlds.conf=C:\Program Files\apache-maven-3.8.5\bin\m2.conf -Dmaven.home=C:\Program Files\apache-maven-3.8.5 -Dlibrary.jansi.path=C:\Program Files\apache-maven-3.8.5\lib\jansi-native -Dmaven.multiModuleProjectDirectory=C:\Users\svandeca\github\gwt-widgets 
java_command: org.codehaus.plexus.classworlds.launcher.Launcher install
java_class_path (initial): C:\Program Files\apache-maven-3.8.5\boot\plexus-classworlds-2.6.0.jar
Launcher Type: SUN_STANDARD

[Global flags]
     intx CICompilerCount                          = 4                                         {product} {ergonomic}
     uint ConcGCThreads                            = 2                                         {product} {ergonomic}
     uint G1ConcRefinementThreads                  = 8                                         {product} {ergonomic}
   size_t G1HeapRegionSize                         = 2097152                                   {product} {ergonomic}
    uintx GCDrainStackTargetSize                   = 64                                        {product} {ergonomic}
   size_t InitialHeapSize                          = 266338304                                 {product} {ergonomic}
   size_t MarkStackSize                            = 4194304                                   {product} {ergonomic}
   size_t MaxHeapSize                              = 4244635648                                {product} {ergonomic}
   size_t MaxNewSize                               = 2545942528                                {product} {ergonomic}
   size_t MinHeapDeltaBytes                        = 2097152                                   {product} {ergonomic}
   size_t MinHeapSize                              = 8388608                                   {product} {ergonomic}
    uintx NonNMethodCodeHeapSize                   = 5839372                                {pd product} {ergonomic}
    uintx NonProfiledCodeHeapSize                  = 122909434                              {pd product} {ergonomic}
    uintx ProfiledCodeHeapSize                     = 122909434                              {pd product} {ergonomic}
    uintx ReservedCodeCacheSize                    = 251658240                              {pd product} {ergonomic}
     bool SegmentedCodeCache                       = true                                      {product} {ergonomic}
   size_t SoftMaxHeapSize                          = 4244635648                             {manageable} {ergonomic}
     bool UseCompressedClassPointers               = true                           {product lp64_product} {ergonomic}
     bool UseCompressedOops                        = true                           {product lp64_product} {ergonomic}
     bool UseG1GC                                  = true                                      {product} {ergonomic}
     bool UseLargePagesIndividualAllocation        = false                                  {pd product} {ergonomic}

Logging:
Log output configuration:
 #0: stdout all=warning uptime,level,tags
 #1: stderr all=off uptime,level,tags

Environment Variables:
JAVA_HOME=C:\Program Files\Eclipse Adoptium\jdk-17.0.3.7-hotspot\
PATH=C:\Users\svandeca\bin;C:\Program Files\Git\mingw64\bin;C:\Program Files\Git\usr\local\bin;C:\Program Files\Git\usr\bin;C:\Program Files\Git\usr\bin;C:\Program Files\Git\mingw64\bin;C:\Program Files\Git\usr\bin;C:\Users\svandeca\bin;C:\Program Files\Eclipse Adoptium\jdk-17.0.3.7-hotspot\bin;C:\Program Files (x86)\Razer Chroma SDK\bin;C:\Program Files\Razer Chroma SDK\bin;C:\Python39\Scripts;C:\Python39;C:\Program Files (x86)\Razer\ChromaBroadcast\bin;C:\Program Files\Razer\ChromaBroadcast\bin;C:\Windows\system32;C:\Windows;C:\Windows\System32\Wbem;C:\Windows\System32\WindowsPowerShell\v1.0;C:\Windows\System32\OpenSSH;C:\Program Files\NVIDIA Corporation\NVIDIA NvDLISR;C:\Windows\system32\config\systemprofile\AppData\Local\Microsoft\WindowsApps;C:\Program Files (x86)\Intel\Intel(R) Management Engine Components\DAL;C:\Program Files\Intel\Intel(R) Management Engine Components\DAL;C:\Program Files\Git\cmd;C:\ProgramData\chocolatey\bin;C:\WINDOWS\system32;C:\WINDOWS;C:\WINDOWS\System32\Wbem;C:\WINDOWS\System32\WindowsPowerShell\v1.0;C:\WINDOWS\System32\OpenSSH;C:\Program Files (x86)\NVIDIA Corporation\PhysX\Common;C:\Users\svandeca\AppData\Local\Microsoft\WindowsApps;C:\Users\svandeca\AppData\Local\Programs\Microsoft VS Code\bin;C:\Users\svandeca\AppData\Roaming\npm;C:\WINDOWS\system32;C:\WINDOWS;C:\WINDOWS\System32\Wbem;C:\WINDOWS\System32\WindowsPowerShell\v1.0;C:\WINDOWS\System32\OpenSSH;C:\Program Files\dotnet;C:\Program Files\nodejs;C:\Users\svandeca\AppData\Local\Microsoft\WindowsApps;C:\Users\svandeca\AppData\Local\Programs\Microsoft VS Code\bin;C:\Users\svandeca\AppData\Local\Microsoft\WindowsApps;C:\Users\svandeca\AppData\Roaming\npm;C:\Program Files\Git\usr\bin\vendor_perl;C:\Program Files\Git\usr\bin\core_perl
USERNAME=svandeca
SHELL=C:\Program Files\Git\usr\bin\bash.exe
DISPLAY=needs-to-be-defined
LC_CTYPE=fr_FR.UTF-8
OS=Windows_NT
PROCESSOR_IDENTIFIER=Intel64 Family 6 Model 158 Stepping 13, GenuineIntel



---------------  S Y S T E M  ---------------

OS:
 Windows 11 , 64 bit Build 22000 (10.0.22000.613)
OS uptime: 0 days 0:31 hours
Hyper-V role detected

CPU: total 8 (initial active 8) (8 cores per cpu, 1 threads per core) family 6 model 158 stepping 13 microcode 0xde, cx8, cmov, fxsr, mmx, 3dnowpref, sse, sse2, sse3, ssse3, sse4.1, sse4.2, popcnt, lzcnt, tsc, tscinvbit, avx, avx2, aes, erms, clmul, bmi1, bmi2, adx, fma, vzeroupper, clflush, clflushopt, hv

Memory: 4k page, system-wide physical 16186M (7131M free)
TotalPageFile size 33594M (AvailPageFile size 17710M)
current process WorkingSet (physical memory assigned to process): 37M, peak: 37M
current process commit charge ("private bytes"): 344M, peak: 344M

vm_info: OpenJDK 64-Bit Server VM (17.0.3+7) for windows-amd64 JRE (17.0.3+7), built on Apr 19 2022 16:55:35 by "" with MS VC++ 16.7 (VS2019)

END.
